<?xml version="1.0" encoding="UTF-8"?>
<robot generator="Robot 3.2.1 (Python 3.8.5 on win32)" generated="20200831 20:10:57.348" rpa="false">
<suite id="s1" name="dataDrivenBuiltIn" source="C:\Users\AbdElAziz\PycharmProjects\RobotFW_Course\General_Excercises\dataDrivenBuiltIn.robot">
<kw name="Start the test suite" type="setup">
<kw name="Open Browser" library="SeleniumLibrary">
<doc>Opens a new browser instance to the optional ``url``.</doc>
<arguments>
<arg>https://www.saucedemo.com/</arg>
<arg>chrome</arg>
</arguments>
<msg timestamp="20200831 20:10:58.120" level="INFO">Opening browser 'chrome' to base url 'https://www.saucedemo.com/'.</msg>
<status status="PASS" starttime="20200831 20:10:58.120" endtime="20200831 20:11:02.405"></status>
</kw>
<kw name="Maximize Browser Window" library="SeleniumLibrary">
<doc>Maximizes current browser window.</doc>
<status status="PASS" starttime="20200831 20:11:02.405" endtime="20200831 20:11:04.577"></status>
</kw>
<status status="PASS" starttime="20200831 20:10:58.120" endtime="20200831 20:11:04.577"></status>
</kw>
<test id="s1-t1" name="Verify Login Fails - Empty Credits">
<kw name="Invalid Login Scenarios">
<arguments>
<arg>${EMPTY}</arg>
<arg>${EMPTY}</arg>
<arg>Epic sadface: Username is required</arg>
</arguments>
<kw name="Input Text" library="SeleniumLibrary">
<doc>Types the given ``text`` into the text field identified by ``locator``.</doc>
<arguments>
<arg>${userNme_box}</arg>
<arg>${user_name}</arg>
</arguments>
<msg timestamp="20200831 20:11:04.577" level="INFO">Typing text '' into text field 'xpath://input[@id='user-name']'.</msg>
<status status="PASS" starttime="20200831 20:11:04.577" endtime="20200831 20:11:04.698"></status>
</kw>
<kw name="Input Text" library="SeleniumLibrary">
<doc>Types the given ``text`` into the text field identified by ``locator``.</doc>
<arguments>
<arg>${pword_box}</arg>
<arg>${password}</arg>
</arguments>
<msg timestamp="20200831 20:11:04.698" level="INFO">Typing text '' into text field 'xpath://input[@id='password']'.</msg>
<status status="PASS" starttime="20200831 20:11:04.698" endtime="20200831 20:11:04.801"></status>
</kw>
<kw name="Click Element" library="SeleniumLibrary">
<doc>Click the element identified by ``locator``.</doc>
<arguments>
<arg>${login_btn}</arg>
</arguments>
<msg timestamp="20200831 20:11:04.801" level="INFO">Clicking element 'xpath://input[@id='login-button']'.</msg>
<status status="PASS" starttime="20200831 20:11:04.801" endtime="20200831 20:11:04.878"></status>
</kw>
<kw name="Page Should Contain Element" library="SeleniumLibrary">
<doc>Verifies that element ``locator`` is found on the current page.</doc>
<arguments>
<arg>${error_text}</arg>
</arguments>
<msg timestamp="20200831 20:11:04.894" level="INFO">Current page contains element 'xpath://h3'.</msg>
<status status="PASS" starttime="20200831 20:11:04.878" endtime="20200831 20:11:04.894"></status>
</kw>
<kw name="Element Should Contain" library="SeleniumLibrary">
<doc>Verifies that element ``locator`` contains text ``expected``.</doc>
<arguments>
<arg>${error_text}</arg>
<arg>${err_msg}</arg>
</arguments>
<msg timestamp="20200831 20:11:04.918" level="INFO">Element 'xpath://h3' contains text 'Epic sadface: Username is required'.</msg>
<status status="PASS" starttime="20200831 20:11:04.894" endtime="20200831 20:11:04.918"></status>
</kw>
<status status="PASS" starttime="20200831 20:11:04.577" endtime="20200831 20:11:04.918"></status>
</kw>
<status status="PASS" starttime="20200831 20:11:04.577" endtime="20200831 20:11:04.918" critical="yes"></status>
</test>
<test id="s1-t2" name="Verify Login Fails - Wrong Password">
<kw name="Invalid Login Scenarios">
<arguments>
<arg>standard_user</arg>
<arg>wrongPass</arg>
<arg>Epic sadface: Username and password do not match any user in this service</arg>
</arguments>
<kw name="Input Text" library="SeleniumLibrary">
<doc>Types the given ``text`` into the text field identified by ``locator``.</doc>
<arguments>
<arg>${userNme_box}</arg>
<arg>${user_name}</arg>
</arguments>
<msg timestamp="20200831 20:11:04.922" level="INFO">Typing text 'standard_user' into text field 'xpath://input[@id='user-name']'.</msg>
<status status="PASS" starttime="20200831 20:11:04.922" endtime="20200831 20:11:05.043"></status>
</kw>
<kw name="Input Text" library="SeleniumLibrary">
<doc>Types the given ``text`` into the text field identified by ``locator``.</doc>
<arguments>
<arg>${pword_box}</arg>
<arg>${password}</arg>
</arguments>
<msg timestamp="20200831 20:11:05.043" level="INFO">Typing text 'wrongPass' into text field 'xpath://input[@id='password']'.</msg>
<status status="PASS" starttime="20200831 20:11:05.043" endtime="20200831 20:11:05.130"></status>
</kw>
<kw name="Click Element" library="SeleniumLibrary">
<doc>Click the element identified by ``locator``.</doc>
<arguments>
<arg>${login_btn}</arg>
</arguments>
<msg timestamp="20200831 20:11:05.130" level="INFO">Clicking element 'xpath://input[@id='login-button']'.</msg>
<status status="PASS" starttime="20200831 20:11:05.130" endtime="20200831 20:11:05.170"></status>
</kw>
<kw name="Page Should Contain Element" library="SeleniumLibrary">
<doc>Verifies that element ``locator`` is found on the current page.</doc>
<arguments>
<arg>${error_text}</arg>
</arguments>
<msg timestamp="20200831 20:11:05.178" level="INFO">Current page contains element 'xpath://h3'.</msg>
<status status="PASS" starttime="20200831 20:11:05.170" endtime="20200831 20:11:05.178"></status>
</kw>
<kw name="Element Should Contain" library="SeleniumLibrary">
<doc>Verifies that element ``locator`` contains text ``expected``.</doc>
<arguments>
<arg>${error_text}</arg>
<arg>${err_msg}</arg>
</arguments>
<msg timestamp="20200831 20:11:05.198" level="INFO">Element 'xpath://h3' contains text 'Epic sadface: Username and password do not match any user in this service'.</msg>
<status status="PASS" starttime="20200831 20:11:05.178" endtime="20200831 20:11:05.198"></status>
</kw>
<status status="PASS" starttime="20200831 20:11:04.922" endtime="20200831 20:11:05.198"></status>
</kw>
<status status="PASS" starttime="20200831 20:11:04.922" endtime="20200831 20:11:05.198" critical="yes"></status>
</test>
<test id="s1-t3" name="Verify Login Fails - Wrong UserName">
<kw name="Invalid Login Scenarios">
<arguments>
<arg>standard_us</arg>
<arg>secret_sauce</arg>
<arg>Epic sadface: Username and password do not match any user in this service</arg>
</arguments>
<kw name="Input Text" library="SeleniumLibrary">
<doc>Types the given ``text`` into the text field identified by ``locator``.</doc>
<arguments>
<arg>${userNme_box}</arg>
<arg>${user_name}</arg>
</arguments>
<msg timestamp="20200831 20:11:05.202" level="INFO">Typing text 'standard_us' into text field 'xpath://input[@id='user-name']'.</msg>
<status status="PASS" starttime="20200831 20:11:05.202" endtime="20200831 20:11:05.302"></status>
</kw>
<kw name="Input Text" library="SeleniumLibrary">
<doc>Types the given ``text`` into the text field identified by ``locator``.</doc>
<arguments>
<arg>${pword_box}</arg>
<arg>${password}</arg>
</arguments>
<msg timestamp="20200831 20:11:05.302" level="INFO">Typing text 'secret_sauce' into text field 'xpath://input[@id='password']'.</msg>
<status status="PASS" starttime="20200831 20:11:05.302" endtime="20200831 20:11:05.402"></status>
</kw>
<kw name="Click Element" library="SeleniumLibrary">
<doc>Click the element identified by ``locator``.</doc>
<arguments>
<arg>${login_btn}</arg>
</arguments>
<msg timestamp="20200831 20:11:05.402" level="INFO">Clicking element 'xpath://input[@id='login-button']'.</msg>
<status status="PASS" starttime="20200831 20:11:05.402" endtime="20200831 20:11:05.443"></status>
</kw>
<kw name="Page Should Contain Element" library="SeleniumLibrary">
<doc>Verifies that element ``locator`` is found on the current page.</doc>
<arguments>
<arg>${error_text}</arg>
</arguments>
<msg timestamp="20200831 20:11:05.455" level="INFO">Current page contains element 'xpath://h3'.</msg>
<status status="PASS" starttime="20200831 20:11:05.443" endtime="20200831 20:11:05.455"></status>
</kw>
<kw name="Element Should Contain" library="SeleniumLibrary">
<doc>Verifies that element ``locator`` contains text ``expected``.</doc>
<arguments>
<arg>${error_text}</arg>
<arg>${err_msg}</arg>
</arguments>
<msg timestamp="20200831 20:11:05.475" level="INFO">Element 'xpath://h3' contains text 'Epic sadface: Username and password do not match any user in this service'.</msg>
<status status="PASS" starttime="20200831 20:11:05.455" endtime="20200831 20:11:05.475"></status>
</kw>
<status status="PASS" starttime="20200831 20:11:05.202" endtime="20200831 20:11:05.479"></status>
</kw>
<status status="PASS" starttime="20200831 20:11:05.198" endtime="20200831 20:11:05.479" critical="yes"></status>
</test>
<test id="s1-t4" name="Verify Login Fails - Locked Out User">
<kw name="Invalid Login Scenarios">
<arguments>
<arg>locked_out_user</arg>
<arg>secret_sauce</arg>
<arg>Epic sadface: Sorry, this user has been locked out.</arg>
</arguments>
<kw name="Input Text" library="SeleniumLibrary">
<doc>Types the given ``text`` into the text field identified by ``locator``.</doc>
<arguments>
<arg>${userNme_box}</arg>
<arg>${user_name}</arg>
</arguments>
<msg timestamp="20200831 20:11:05.483" level="INFO">Typing text 'locked_out_user' into text field 'xpath://input[@id='user-name']'.</msg>
<status status="PASS" starttime="20200831 20:11:05.483" endtime="20200831 20:11:05.629"></status>
</kw>
<kw name="Input Text" library="SeleniumLibrary">
<doc>Types the given ``text`` into the text field identified by ``locator``.</doc>
<arguments>
<arg>${pword_box}</arg>
<arg>${password}</arg>
</arguments>
<msg timestamp="20200831 20:11:05.629" level="INFO">Typing text 'secret_sauce' into text field 'xpath://input[@id='password']'.</msg>
<status status="PASS" starttime="20200831 20:11:05.629" endtime="20200831 20:11:05.753"></status>
</kw>
<kw name="Click Element" library="SeleniumLibrary">
<doc>Click the element identified by ``locator``.</doc>
<arguments>
<arg>${login_btn}</arg>
</arguments>
<msg timestamp="20200831 20:11:05.753" level="INFO">Clicking element 'xpath://input[@id='login-button']'.</msg>
<status status="PASS" starttime="20200831 20:11:05.753" endtime="20200831 20:11:05.805"></status>
</kw>
<kw name="Page Should Contain Element" library="SeleniumLibrary">
<doc>Verifies that element ``locator`` is found on the current page.</doc>
<arguments>
<arg>${error_text}</arg>
</arguments>
<msg timestamp="20200831 20:11:05.817" level="INFO">Current page contains element 'xpath://h3'.</msg>
<status status="PASS" starttime="20200831 20:11:05.805" endtime="20200831 20:11:05.817"></status>
</kw>
<kw name="Element Should Contain" library="SeleniumLibrary">
<doc>Verifies that element ``locator`` contains text ``expected``.</doc>
<arguments>
<arg>${error_text}</arg>
<arg>${err_msg}</arg>
</arguments>
<msg timestamp="20200831 20:11:05.833" level="INFO">Element 'xpath://h3' contains text 'Epic sadface: Sorry, this user has been locked out.'.</msg>
<status status="PASS" starttime="20200831 20:11:05.817" endtime="20200831 20:11:05.833"></status>
</kw>
<status status="PASS" starttime="20200831 20:11:05.483" endtime="20200831 20:11:05.833"></status>
</kw>
<status status="PASS" starttime="20200831 20:11:05.479" endtime="20200831 20:11:05.837" critical="yes"></status>
</test>
<kw name="end These tests" type="teardown">
<kw name="Close Browser" library="SeleniumLibrary">
<doc>Closes the current browser.</doc>
<status status="PASS" starttime="20200831 20:11:05.841" endtime="20200831 20:11:08.062"></status>
</kw>
<status status="PASS" starttime="20200831 20:11:05.837" endtime="20200831 20:11:08.062"></status>
</kw>
<doc>Suite description</doc>
<status status="PASS" starttime="20200831 20:10:57.348" endtime="20200831 20:11:08.062"></status>
</suite>
<statistics>
<total>
<stat pass="4" fail="0">Critical Tests</stat>
<stat pass="4" fail="0">All Tests</stat>
</total>
<tag>
</tag>
<suite>
<stat pass="4" fail="0" id="s1" name="dataDrivenBuiltIn">dataDrivenBuiltIn</stat>
</suite>
</statistics>
<errors>
</errors>
</robot>
